2024-04-17 02:54:05,733 WARN For [program:php-fpm], AUTO logging used for stdout_logfile without rollover, set maxbytes > 0 to avoid filling up filesystem unintentionally
2024-04-17 02:54:05,734 INFO Set uid to user 0 succeeded
2024-04-17 02:54:05,743 INFO RPC interface 'supervisor' initialized
2024-04-17 02:54:05,744 CRIT Server 'unix_http_server' running without any HTTP authentication checking
2024-04-17 02:54:05,745 INFO supervisord started with pid 15
2024-04-17 02:54:06,755 INFO spawned: 'php-fpm_00' with pid 16
2024-04-17 02:54:16,839 INFO success: php-fpm_00 entered RUNNING state, process has stayed up for > than 10 seconds (startsecs)
2024-04-17 03:44:57,409 WARN For [program:php-fpm], AUTO logging used for stdout_logfile without rollover, set maxbytes > 0 to avoid filling up filesystem unintentionally
2024-04-17 03:44:57,410 INFO Set uid to user 0 succeeded
2024-04-17 03:44:57,420 INFO RPC interface 'supervisor' initialized
2024-04-17 03:44:57,421 CRIT Server 'unix_http_server' running without any HTTP authentication checking
2024-04-17 03:44:57,423 INFO supervisord started with pid 16
2024-04-17 03:44:58,426 INFO spawned: 'php-fpm_00' with pid 17
2024-04-17 03:45:08,541 INFO success: php-fpm_00 entered RUNNING state, process has stayed up for > than 10 seconds (startsecs)
2024-04-17 03:51:56,525 WARN For [program:php-fpm], AUTO logging used for stdout_logfile without rollover, set maxbytes > 0 to avoid filling up filesystem unintentionally
2024-04-17 03:51:56,789 INFO Set uid to user 0 succeeded
2024-04-17 03:51:56,804 INFO RPC interface 'supervisor' initialized
2024-04-17 03:51:56,806 CRIT Server 'unix_http_server' running without any HTTP authentication checking
2024-04-17 03:51:56,824 INFO supervisord started with pid 15
2024-04-17 03:51:57,851 INFO spawned: 'php-fpm_00' with pid 16
2024-04-17 03:52:08,576 INFO success: php-fpm_00 entered RUNNING state, process has stayed up for > than 10 seconds (startsecs)
2024-04-17 03:56:21,239 WARN For [program:php-fpm], AUTO logging used for stdout_logfile without rollover, set maxbytes > 0 to avoid filling up filesystem unintentionally
2024-04-17 03:56:21,243 INFO Set uid to user 0 succeeded
2024-04-17 03:56:21,272 INFO RPC interface 'supervisor' initialized
2024-04-17 03:56:21,288 CRIT Server 'unix_http_server' running without any HTTP authentication checking
2024-04-17 03:56:21,296 INFO supervisord started with pid 15
2024-04-17 03:56:22,302 INFO spawned: 'php-fpm_00' with pid 16
2024-04-17 03:56:32,377 INFO success: php-fpm_00 entered RUNNING state, process has stayed up for > than 10 seconds (startsecs)
2024-04-17 04:04:27,336 WARN For [program:php-fpm], AUTO logging used for stdout_logfile without rollover, set maxbytes > 0 to avoid filling up filesystem unintentionally
2024-04-17 04:04:27,340 INFO Set uid to user 0 succeeded
2024-04-17 04:04:27,348 INFO RPC interface 'supervisor' initialized
2024-04-17 04:04:27,349 CRIT Server 'unix_http_server' running without any HTTP authentication checking
2024-04-17 04:04:27,350 INFO supervisord started with pid 16
2024-04-17 04:04:28,357 INFO spawned: 'php-fpm_00' with pid 17
2024-04-17 04:04:38,572 INFO success: php-fpm_00 entered RUNNING state, process has stayed up for > than 10 seconds (startsecs)
2024-04-17 04:18:36,823 WARN For [program:php-fpm], AUTO logging used for stdout_logfile without rollover, set maxbytes > 0 to avoid filling up filesystem unintentionally
2024-04-17 04:18:36,826 INFO Set uid to user 0 succeeded
2024-04-17 04:18:36,841 INFO RPC interface 'supervisor' initialized
2024-04-17 04:18:36,845 CRIT Server 'unix_http_server' running without any HTTP authentication checking
2024-04-17 04:18:36,846 INFO supervisord started with pid 16
2024-04-17 04:18:37,852 INFO spawned: 'php-fpm_00' with pid 17
2024-04-17 04:18:47,943 INFO success: php-fpm_00 entered RUNNING state, process has stayed up for > than 10 seconds (startsecs)
2024-04-17 04:23:31,214 WARN For [program:php-fpm], AUTO logging used for stdout_logfile without rollover, set maxbytes > 0 to avoid filling up filesystem unintentionally
2024-04-17 04:23:31,215 INFO Set uid to user 0 succeeded
2024-04-17 04:23:31,222 INFO RPC interface 'supervisor' initialized
2024-04-17 04:23:31,223 CRIT Server 'unix_http_server' running without any HTTP authentication checking
2024-04-17 04:23:31,224 INFO supervisord started with pid 16
2024-04-17 04:23:32,228 INFO spawned: 'php-fpm_00' with pid 17
2024-04-17 04:23:42,321 INFO success: php-fpm_00 entered RUNNING state, process has stayed up for > than 10 seconds (startsecs)
2024-04-17 04:26:36,525 WARN For [program:php-fpm], AUTO logging used for stdout_logfile without rollover, set maxbytes > 0 to avoid filling up filesystem unintentionally
2024-04-17 04:26:36,527 INFO Set uid to user 0 succeeded
2024-04-17 04:26:36,536 INFO RPC interface 'supervisor' initialized
2024-04-17 04:26:36,537 CRIT Server 'unix_http_server' running without any HTTP authentication checking
2024-04-17 04:26:36,538 INFO supervisord started with pid 16
2024-04-17 04:26:37,541 INFO spawned: 'php-fpm_00' with pid 17
2024-04-17 04:26:47,638 INFO success: php-fpm_00 entered RUNNING state, process has stayed up for > than 10 seconds (startsecs)
2024-04-19 02:36:03,334 WARN For [program:php-fpm], AUTO logging used for stdout_logfile without rollover, set maxbytes > 0 to avoid filling up filesystem unintentionally
2024-04-19 02:36:03,335 INFO Set uid to user 0 succeeded
2024-04-19 02:36:03,347 INFO RPC interface 'supervisor' initialized
2024-04-19 02:36:03,347 CRIT Server 'unix_http_server' running without any HTTP authentication checking
2024-04-19 02:36:03,348 INFO supervisord started with pid 16
2024-04-19 02:36:04,354 INFO spawned: 'php-fpm_00' with pid 17
2024-04-19 02:36:14,942 INFO success: php-fpm_00 entered RUNNING state, process has stayed up for > than 10 seconds (startsecs)
2024-04-19 06:05:13,800 WARN For [program:php-fpm], AUTO logging used for stdout_logfile without rollover, set maxbytes > 0 to avoid filling up filesystem unintentionally
2024-04-19 06:05:13,801 INFO Set uid to user 0 succeeded
2024-04-19 06:05:14,112 INFO RPC interface 'supervisor' initialized
2024-04-19 06:05:14,113 CRIT Server 'unix_http_server' running without any HTTP authentication checking
2024-04-19 06:05:14,115 INFO supervisord started with pid 9
2024-04-19 06:05:15,120 INFO spawned: 'php-fpm_00' with pid 10
2024-04-19 06:05:25,594 INFO success: php-fpm_00 entered RUNNING state, process has stayed up for > than 10 seconds (startsecs)
2024-04-19 08:42:45,778 WARN For [program:php-fpm], AUTO logging used for stdout_logfile without rollover, set maxbytes > 0 to avoid filling up filesystem unintentionally
2024-04-19 08:42:45,779 INFO Set uid to user 0 succeeded
2024-04-19 08:42:45,786 INFO RPC interface 'supervisor' initialized
2024-04-19 08:42:45,787 CRIT Server 'unix_http_server' running without any HTTP authentication checking
2024-04-19 08:42:45,789 INFO supervisord started with pid 15
2024-04-19 08:42:46,793 INFO spawned: 'php-fpm_00' with pid 16
2024-04-19 08:42:56,874 INFO success: php-fpm_00 entered RUNNING state, process has stayed up for > than 10 seconds (startsecs)
2024-04-19 09:01:32,060 WARN For [program:php-fpm], AUTO logging used for stdout_logfile without rollover, set maxbytes > 0 to avoid filling up filesystem unintentionally
2024-04-19 09:01:32,063 INFO Set uid to user 0 succeeded
2024-04-19 09:01:32,082 INFO RPC interface 'supervisor' initialized
2024-04-19 09:01:32,105 CRIT Server 'unix_http_server' running without any HTTP authentication checking
2024-04-19 09:01:32,116 INFO supervisord started with pid 15
2024-04-19 09:01:33,123 INFO spawned: 'php-fpm_00' with pid 16
2024-04-19 09:01:43,256 INFO success: php-fpm_00 entered RUNNING state, process has stayed up for > than 10 seconds (startsecs)
2024-04-19 09:15:24,254 WARN For [program:php-fpm], AUTO logging used for stdout_logfile without rollover, set maxbytes > 0 to avoid filling up filesystem unintentionally
2024-04-19 09:15:24,254 INFO Set uid to user 0 succeeded
2024-04-19 09:15:24,264 INFO RPC interface 'supervisor' initialized
2024-04-19 09:15:24,265 CRIT Server 'unix_http_server' running without any HTTP authentication checking
2024-04-19 09:15:24,267 INFO supervisord started with pid 17
2024-04-19 09:15:25,273 INFO spawned: 'php-fpm_00' with pid 18
2024-04-19 09:15:36,253 INFO success: php-fpm_00 entered RUNNING state, process has stayed up for > than 10 seconds (startsecs)
2024-04-21 03:27:43,410 WARN For [program:php-fpm], AUTO logging used for stdout_logfile without rollover, set maxbytes > 0 to avoid filling up filesystem unintentionally
2024-04-21 03:27:43,411 INFO Set uid to user 0 succeeded
2024-04-21 03:27:43,721 INFO RPC interface 'supervisor' initialized
2024-04-21 03:27:43,722 CRIT Server 'unix_http_server' running without any HTTP authentication checking
2024-04-21 03:27:43,724 INFO supervisord started with pid 9
2024-04-21 03:27:44,730 INFO spawned: 'php-fpm_00' with pid 10
2024-04-21 03:27:55,211 INFO success: php-fpm_00 entered RUNNING state, process has stayed up for > than 10 seconds (startsecs)
2024-04-21 03:55:36,593 WARN For [program:php-fpm], AUTO logging used for stdout_logfile without rollover, set maxbytes > 0 to avoid filling up filesystem unintentionally
2024-04-21 03:55:36,594 INFO Set uid to user 0 succeeded
2024-04-21 03:55:36,600 INFO RPC interface 'supervisor' initialized
2024-04-21 03:55:36,601 CRIT Server 'unix_http_server' running without any HTTP authentication checking
2024-04-21 03:55:36,602 INFO supervisord started with pid 15
2024-04-21 03:55:37,607 INFO spawned: 'php-fpm_00' with pid 16
2024-04-21 03:55:47,723 INFO success: php-fpm_00 entered RUNNING state, process has stayed up for > than 10 seconds (startsecs)
2024-04-22 02:23:31,777 WARN For [program:php-fpm], AUTO logging used for stdout_logfile without rollover, set maxbytes > 0 to avoid filling up filesystem unintentionally
2024-04-22 02:23:31,778 INFO Set uid to user 0 succeeded
2024-04-22 02:23:32,090 INFO RPC interface 'supervisor' initialized
2024-04-22 02:23:32,094 CRIT Server 'unix_http_server' running without any HTTP authentication checking
2024-04-22 02:23:32,095 INFO supervisord started with pid 8
2024-04-22 02:23:33,100 INFO spawned: 'php-fpm_00' with pid 9
2024-04-22 02:23:43,998 INFO success: php-fpm_00 entered RUNNING state, process has stayed up for > than 10 seconds (startsecs)
2024-04-22 06:09:19,218 WARN For [program:php-fpm], AUTO logging used for stdout_logfile without rollover, set maxbytes > 0 to avoid filling up filesystem unintentionally
2024-04-22 06:09:19,222 INFO Set uid to user 0 succeeded
2024-04-22 06:09:19,547 INFO RPC interface 'supervisor' initialized
2024-04-22 06:09:19,548 CRIT Server 'unix_http_server' running without any HTTP authentication checking
2024-04-22 06:09:19,549 INFO supervisord started with pid 9
2024-04-22 06:09:20,554 INFO spawned: 'php-fpm_00' with pid 10
2024-04-22 06:09:31,064 INFO success: php-fpm_00 entered RUNNING state, process has stayed up for > than 10 seconds (startsecs)
2024-04-22 09:04:53,946 WARN For [program:php-fpm], AUTO logging used for stdout_logfile without rollover, set maxbytes > 0 to avoid filling up filesystem unintentionally
2024-04-22 09:04:53,947 INFO Set uid to user 0 succeeded
2024-04-22 09:04:53,956 INFO RPC interface 'supervisor' initialized
2024-04-22 09:04:53,957 CRIT Server 'unix_http_server' running without any HTTP authentication checking
2024-04-22 09:04:53,958 INFO supervisord started with pid 15
2024-04-22 09:04:54,963 INFO spawned: 'php-fpm_00' with pid 16
2024-04-22 09:05:05,568 INFO success: php-fpm_00 entered RUNNING state, process has stayed up for > than 10 seconds (startsecs)
2024-04-23 02:01:16,521 WARN For [program:php-fpm], AUTO logging used for stdout_logfile without rollover, set maxbytes > 0 to avoid filling up filesystem unintentionally
2024-04-23 02:01:16,522 INFO Set uid to user 0 succeeded
2024-04-23 02:01:16,836 INFO RPC interface 'supervisor' initialized
2024-04-23 02:01:16,840 CRIT Server 'unix_http_server' running without any HTTP authentication checking
2024-04-23 02:01:16,841 INFO supervisord started with pid 8
2024-04-23 02:01:17,847 INFO spawned: 'php-fpm_00' with pid 9
2024-04-23 02:01:27,869 INFO success: php-fpm_00 entered RUNNING state, process has stayed up for > than 10 seconds (startsecs)
2024-04-23 02:17:43,012 WARN For [program:php-fpm], AUTO logging used for stdout_logfile without rollover, set maxbytes > 0 to avoid filling up filesystem unintentionally
2024-04-23 02:17:43,014 INFO Set uid to user 0 succeeded
2024-04-23 02:17:43,052 INFO RPC interface 'supervisor' initialized
2024-04-23 02:17:43,055 CRIT Server 'unix_http_server' running without any HTTP authentication checking
2024-04-23 02:17:43,059 INFO supervisord started with pid 15
2024-04-23 02:17:44,072 INFO spawned: 'php-fpm_00' with pid 16
2024-04-23 02:17:54,146 INFO success: php-fpm_00 entered RUNNING state, process has stayed up for > than 10 seconds (startsecs)
2024-04-24 02:07:54,384 WARN For [program:php-fpm], AUTO logging used for stdout_logfile without rollover, set maxbytes > 0 to avoid filling up filesystem unintentionally
2024-04-24 02:07:54,385 INFO Set uid to user 0 succeeded
2024-04-24 02:07:54,697 INFO RPC interface 'supervisor' initialized
2024-04-24 02:07:54,698 CRIT Server 'unix_http_server' running without any HTTP authentication checking
2024-04-24 02:07:54,699 INFO supervisord started with pid 9
2024-04-24 02:07:55,703 INFO spawned: 'php-fpm_00' with pid 10
2024-04-24 02:08:06,385 INFO success: php-fpm_00 entered RUNNING state, process has stayed up for > than 10 seconds (startsecs)
2024-04-24 06:04:55,681 WARN For [program:php-fpm], AUTO logging used for stdout_logfile without rollover, set maxbytes > 0 to avoid filling up filesystem unintentionally
2024-04-24 06:04:55,683 INFO Set uid to user 0 succeeded
2024-04-24 06:04:56,020 INFO RPC interface 'supervisor' initialized
2024-04-24 06:04:56,029 CRIT Server 'unix_http_server' running without any HTTP authentication checking
2024-04-24 06:04:56,043 INFO supervisord started with pid 9
2024-04-24 06:04:57,114 INFO spawned: 'php-fpm_00' with pid 10
2024-04-24 06:05:07,885 INFO success: php-fpm_00 entered RUNNING state, process has stayed up for > than 10 seconds (startsecs)
2024-04-24 08:46:07,364 WARN For [program:php-fpm], AUTO logging used for stdout_logfile without rollover, set maxbytes > 0 to avoid filling up filesystem unintentionally
2024-04-24 08:46:07,365 INFO Set uid to user 0 succeeded
2024-04-24 08:46:07,688 INFO RPC interface 'supervisor' initialized
2024-04-24 08:46:07,694 CRIT Server 'unix_http_server' running without any HTTP authentication checking
2024-04-24 08:46:07,695 INFO supervisord started with pid 8
2024-04-24 08:46:08,700 INFO spawned: 'php-fpm_00' with pid 9
2024-04-24 08:46:19,426 INFO success: php-fpm_00 entered RUNNING state, process has stayed up for > than 10 seconds (startsecs)
2024-04-24 12:32:05,565 WARN For [program:php-fpm], AUTO logging used for stdout_logfile without rollover, set maxbytes > 0 to avoid filling up filesystem unintentionally
2024-04-24 12:32:05,567 INFO Set uid to user 0 succeeded
2024-04-24 12:32:05,585 INFO RPC interface 'supervisor' initialized
2024-04-24 12:32:05,586 CRIT Server 'unix_http_server' running without any HTTP authentication checking
2024-04-24 12:32:05,588 INFO supervisord started with pid 15
2024-04-24 12:32:06,592 INFO spawned: 'php-fpm_00' with pid 16
2024-04-24 12:32:17,144 INFO success: php-fpm_00 entered RUNNING state, process has stayed up for > than 10 seconds (startsecs)
2024-04-25 02:10:21,152 WARN For [program:php-fpm], AUTO logging used for stdout_logfile without rollover, set maxbytes > 0 to avoid filling up filesystem unintentionally
2024-04-25 02:10:21,154 INFO Set uid to user 0 succeeded
2024-04-25 02:10:21,168 INFO RPC interface 'supervisor' initialized
2024-04-25 02:10:21,170 CRIT Server 'unix_http_server' running without any HTTP authentication checking
2024-04-25 02:10:21,171 INFO supervisord started with pid 17
2024-04-25 02:10:22,248 INFO spawned: 'php-fpm_00' with pid 18
2024-04-25 02:10:32,796 INFO success: php-fpm_00 entered RUNNING state, process has stayed up for > than 10 seconds (startsecs)
2024-04-25 06:07:35,875 WARN For [program:php-fpm], AUTO logging used for stdout_logfile without rollover, set maxbytes > 0 to avoid filling up filesystem unintentionally
2024-04-25 06:07:35,889 INFO Set uid to user 0 succeeded
2024-04-25 06:07:35,937 INFO RPC interface 'supervisor' initialized
2024-04-25 06:07:35,944 CRIT Server 'unix_http_server' running without any HTTP authentication checking
2024-04-25 06:07:35,952 INFO supervisord started with pid 16
2024-04-25 06:07:36,971 INFO spawned: 'php-fpm_00' with pid 17
2024-04-25 06:07:47,162 INFO success: php-fpm_00 entered RUNNING state, process has stayed up for > than 10 seconds (startsecs)
2024-04-25 06:09:00,550 WARN For [program:php-fpm], AUTO logging used for stdout_logfile without rollover, set maxbytes > 0 to avoid filling up filesystem unintentionally
2024-04-25 06:09:00,554 INFO Set uid to user 0 succeeded
2024-04-25 06:09:00,627 INFO RPC interface 'supervisor' initialized
2024-04-25 06:09:00,630 CRIT Server 'unix_http_server' running without any HTTP authentication checking
2024-04-25 06:09:00,632 INFO supervisord started with pid 16
2024-04-25 06:09:01,649 INFO spawned: 'php-fpm_00' with pid 17
2024-04-25 06:09:11,944 INFO success: php-fpm_00 entered RUNNING state, process has stayed up for > than 10 seconds (startsecs)
2024-04-25 06:14:05,316 WARN For [program:php-fpm], AUTO logging used for stdout_logfile without rollover, set maxbytes > 0 to avoid filling up filesystem unintentionally
2024-04-25 06:14:05,317 INFO Set uid to user 0 succeeded
2024-04-25 06:14:05,325 INFO RPC interface 'supervisor' initialized
2024-04-25 06:14:05,326 CRIT Server 'unix_http_server' running without any HTTP authentication checking
2024-04-25 06:14:05,326 INFO supervisord started with pid 15
2024-04-25 06:14:06,330 INFO spawned: 'php-fpm_00' with pid 16
2024-04-25 06:14:16,419 INFO success: php-fpm_00 entered RUNNING state, process has stayed up for > than 10 seconds (startsecs)
2024-04-25 06:14:51,020 WARN For [program:php-fpm], AUTO logging used for stdout_logfile without rollover, set maxbytes > 0 to avoid filling up filesystem unintentionally
2024-04-25 06:14:51,053 INFO Set uid to user 0 succeeded
2024-04-25 06:14:51,081 INFO RPC interface 'supervisor' initialized
2024-04-25 06:14:51,092 CRIT Server 'unix_http_server' running without any HTTP authentication checking
2024-04-25 06:14:51,095 INFO supervisord started with pid 16
2024-04-25 06:14:52,098 INFO spawned: 'php-fpm_00' with pid 17
2024-04-25 06:15:02,177 INFO success: php-fpm_00 entered RUNNING state, process has stayed up for > than 10 seconds (startsecs)
2024-04-25 06:19:38,779 WARN For [program:php-fpm], AUTO logging used for stdout_logfile without rollover, set maxbytes > 0 to avoid filling up filesystem unintentionally
2024-04-25 06:19:38,785 INFO Set uid to user 0 succeeded
2024-04-25 06:19:38,799 INFO RPC interface 'supervisor' initialized
2024-04-25 06:19:38,800 CRIT Server 'unix_http_server' running without any HTTP authentication checking
2024-04-25 06:19:38,802 INFO supervisord started with pid 16
2024-04-25 06:19:39,807 INFO spawned: 'php-fpm_00' with pid 17
2024-04-25 06:19:49,973 INFO success: php-fpm_00 entered RUNNING state, process has stayed up for > than 10 seconds (startsecs)
2024-04-25 06:21:48,892 WARN For [program:php-fpm], AUTO logging used for stdout_logfile without rollover, set maxbytes > 0 to avoid filling up filesystem unintentionally
2024-04-25 06:21:48,900 INFO Set uid to user 0 succeeded
2024-04-25 06:21:48,912 INFO RPC interface 'supervisor' initialized
2024-04-25 06:21:48,930 CRIT Server 'unix_http_server' running without any HTTP authentication checking
2024-04-25 06:21:48,954 INFO supervisord started with pid 16
2024-04-25 06:21:49,967 INFO spawned: 'php-fpm_00' with pid 17
2024-04-25 06:22:00,098 INFO success: php-fpm_00 entered RUNNING state, process has stayed up for > than 10 seconds (startsecs)
2024-04-25 09:25:26,699 WARN For [program:php-fpm], AUTO logging used for stdout_logfile without rollover, set maxbytes > 0 to avoid filling up filesystem unintentionally
2024-04-25 09:25:26,700 INFO Set uid to user 0 succeeded
2024-04-25 09:25:26,718 INFO RPC interface 'supervisor' initialized
2024-04-25 09:25:26,719 CRIT Server 'unix_http_server' running without any HTTP authentication checking
2024-04-25 09:25:26,720 INFO supervisord started with pid 16
2024-04-25 09:25:27,726 INFO spawned: 'php-fpm_00' with pid 17
2024-04-25 09:25:38,430 INFO success: php-fpm_00 entered RUNNING state, process has stayed up for > than 10 seconds (startsecs)
2024-04-26 02:20:58,178 WARN For [program:php-fpm], AUTO logging used for stdout_logfile without rollover, set maxbytes > 0 to avoid filling up filesystem unintentionally
2024-04-26 02:20:58,179 INFO Set uid to user 0 succeeded
2024-04-26 02:20:58,189 INFO RPC interface 'supervisor' initialized
2024-04-26 02:20:58,190 CRIT Server 'unix_http_server' running without any HTTP authentication checking
2024-04-26 02:20:58,191 INFO supervisord started with pid 15
2024-04-26 02:20:59,198 INFO spawned: 'php-fpm_00' with pid 16
2024-04-26 02:21:09,730 INFO success: php-fpm_00 entered RUNNING state, process has stayed up for > than 10 seconds (startsecs)
2024-04-26 06:07:52,293 WARN For [program:php-fpm], AUTO logging used for stdout_logfile without rollover, set maxbytes > 0 to avoid filling up filesystem unintentionally
2024-04-26 06:07:52,294 INFO Set uid to user 0 succeeded
2024-04-26 06:07:52,608 INFO RPC interface 'supervisor' initialized
2024-04-26 06:07:52,608 CRIT Server 'unix_http_server' running without any HTTP authentication checking
2024-04-26 06:07:52,609 INFO supervisord started with pid 9
2024-04-26 06:07:53,613 INFO spawned: 'php-fpm_00' with pid 10
2024-04-26 06:08:04,000 INFO success: php-fpm_00 entered RUNNING state, process has stayed up for > than 10 seconds (startsecs)
2024-04-27 06:27:42,792 WARN For [program:php-fpm], AUTO logging used for stdout_logfile without rollover, set maxbytes > 0 to avoid filling up filesystem unintentionally
2024-04-27 06:27:42,792 INFO Set uid to user 0 succeeded
2024-04-27 06:27:42,803 INFO RPC interface 'supervisor' initialized
2024-04-27 06:27:42,804 CRIT Server 'unix_http_server' running without any HTTP authentication checking
2024-04-27 06:27:42,805 INFO supervisord started with pid 16
2024-04-27 06:27:43,832 INFO spawned: 'php-fpm_00' with pid 17
2024-04-27 06:27:54,335 INFO success: php-fpm_00 entered RUNNING state, process has stayed up for > than 10 seconds (startsecs)
2024-04-29 05:21:15,075 WARN For [program:php-fpm], AUTO logging used for stdout_logfile without rollover, set maxbytes > 0 to avoid filling up filesystem unintentionally
2024-04-29 05:21:15,077 INFO Set uid to user 0 succeeded
2024-04-29 05:21:15,093 INFO RPC interface 'supervisor' initialized
2024-04-29 05:21:15,094 CRIT Server 'unix_http_server' running without any HTTP authentication checking
2024-04-29 05:21:15,095 INFO supervisord started with pid 16
2024-04-29 05:21:16,101 INFO spawned: 'php-fpm_00' with pid 17
2024-04-29 05:21:26,106 INFO success: php-fpm_00 entered RUNNING state, process has stayed up for > than 10 seconds (startsecs)
2024-04-29 14:49:16,256 WARN For [program:php-fpm], AUTO logging used for stdout_logfile without rollover, set maxbytes > 0 to avoid filling up filesystem unintentionally
2024-04-29 14:49:16,257 INFO Set uid to user 0 succeeded
2024-04-29 14:49:16,279 INFO RPC interface 'supervisor' initialized
2024-04-29 14:49:16,280 CRIT Server 'unix_http_server' running without any HTTP authentication checking
2024-04-29 14:49:16,282 INFO supervisord started with pid 15
2024-04-29 14:49:17,290 INFO spawned: 'php-fpm_00' with pid 16
2024-04-29 14:49:27,831 INFO success: php-fpm_00 entered RUNNING state, process has stayed up for > than 10 seconds (startsecs)
2024-05-02 02:32:31,890 WARN For [program:php-fpm], AUTO logging used for stdout_logfile without rollover, set maxbytes > 0 to avoid filling up filesystem unintentionally
2024-05-02 02:32:31,892 INFO Set uid to user 0 succeeded
2024-05-02 02:32:31,965 INFO RPC interface 'supervisor' initialized
2024-05-02 02:32:31,967 CRIT Server 'unix_http_server' running without any HTTP authentication checking
2024-05-02 02:32:31,968 INFO supervisord started with pid 16
2024-05-02 02:32:32,974 INFO spawned: 'php-fpm_00' with pid 17
2024-05-02 02:32:43,724 INFO success: php-fpm_00 entered RUNNING state, process has stayed up for > than 10 seconds (startsecs)
2024-05-02 05:02:32,243 WARN For [program:php-fpm], AUTO logging used for stdout_logfile without rollover, set maxbytes > 0 to avoid filling up filesystem unintentionally
2024-05-02 05:02:32,244 INFO Set uid to user 0 succeeded
2024-05-02 05:02:32,255 INFO RPC interface 'supervisor' initialized
2024-05-02 05:02:32,256 CRIT Server 'unix_http_server' running without any HTTP authentication checking
2024-05-02 05:02:32,257 INFO supervisord started with pid 15
2024-05-02 05:02:33,262 INFO spawned: 'php-fpm_00' with pid 16
2024-05-02 05:02:43,758 INFO success: php-fpm_00 entered RUNNING state, process has stayed up for > than 10 seconds (startsecs)
2024-05-02 09:23:41,768 WARN For [program:php-fpm], AUTO logging used for stdout_logfile without rollover, set maxbytes > 0 to avoid filling up filesystem unintentionally
2024-05-02 09:23:41,769 INFO Set uid to user 0 succeeded
2024-05-02 09:23:42,084 INFO RPC interface 'supervisor' initialized
2024-05-02 09:23:42,086 CRIT Server 'unix_http_server' running without any HTTP authentication checking
2024-05-02 09:23:42,087 INFO supervisord started with pid 9
2024-05-02 09:23:43,094 INFO spawned: 'php-fpm_00' with pid 10
2024-05-02 09:23:53,872 INFO success: php-fpm_00 entered RUNNING state, process has stayed up for > than 10 seconds (startsecs)
2024-05-04 08:07:30,344 WARN For [program:php-fpm], AUTO logging used for stdout_logfile without rollover, set maxbytes > 0 to avoid filling up filesystem unintentionally
2024-05-04 08:07:30,348 INFO Set uid to user 0 succeeded
2024-05-04 08:07:30,539 INFO RPC interface 'supervisor' initialized
2024-05-04 08:07:30,557 CRIT Server 'unix_http_server' running without any HTTP authentication checking
2024-05-04 08:07:30,590 INFO supervisord started with pid 16
2024-05-04 08:07:31,806 INFO spawned: 'php-fpm_00' with pid 17
2024-05-04 08:07:41,863 INFO success: php-fpm_00 entered RUNNING state, process has stayed up for > than 10 seconds (startsecs)
2024-05-09 08:14:03,494 WARN For [program:php-fpm], AUTO logging used for stdout_logfile without rollover, set maxbytes > 0 to avoid filling up filesystem unintentionally
2024-05-09 08:14:03,495 INFO Set uid to user 0 succeeded
2024-05-09 08:14:03,808 INFO RPC interface 'supervisor' initialized
2024-05-09 08:14:03,809 CRIT Server 'unix_http_server' running without any HTTP authentication checking
2024-05-09 08:14:03,810 INFO supervisord started with pid 9
2024-05-09 08:14:04,817 INFO spawned: 'php-fpm_00' with pid 10
2024-05-09 08:14:15,314 INFO success: php-fpm_00 entered RUNNING state, process has stayed up for > than 10 seconds (startsecs)
2024-05-13 05:23:51,622 WARN For [program:php-fpm], AUTO logging used for stdout_logfile without rollover, set maxbytes > 0 to avoid filling up filesystem unintentionally
2024-05-13 05:23:51,625 INFO Set uid to user 0 succeeded
2024-05-13 05:23:51,638 INFO RPC interface 'supervisor' initialized
2024-05-13 05:23:51,640 CRIT Server 'unix_http_server' running without any HTTP authentication checking
2024-05-13 05:23:51,641 INFO supervisord started with pid 16
2024-05-13 05:23:52,647 INFO spawned: 'php-fpm_00' with pid 17
2024-05-13 05:24:02,771 INFO success: php-fpm_00 entered RUNNING state, process has stayed up for > than 10 seconds (startsecs)
2024-05-15 01:10:57,306 WARN For [program:php-fpm], AUTO logging used for stdout_logfile without rollover, set maxbytes > 0 to avoid filling up filesystem unintentionally
2024-05-15 01:10:57,310 INFO Set uid to user 0 succeeded
2024-05-15 01:10:57,333 INFO RPC interface 'supervisor' initialized
2024-05-15 01:10:57,335 CRIT Server 'unix_http_server' running without any HTTP authentication checking
2024-05-15 01:10:57,339 INFO supervisord started with pid 16
2024-05-15 01:10:58,368 INFO spawned: 'php-fpm_00' with pid 17
2024-05-15 01:11:08,613 INFO success: php-fpm_00 entered RUNNING state, process has stayed up for > than 10 seconds (startsecs)
